2026-03-24 13:53:31 - csv_pipeline - INFO - ============================================================
2026-03-24 13:53:31 - csv_pipeline - INFO - Starting CSV Automation Pipeline
2026-03-24 13:53:31 - csv_pipeline - INFO - Input directory: input
2026-03-24 13:53:31 - csv_pipeline - INFO - Output directory: output
2026-03-24 13:53:31 - csv_pipeline - INFO - ============================================================
2026-03-24 13:53:31 - csv_pipeline - INFO - Found 19 CSV file(s) to process
2026-03-24 13:53:31 - csv_pipeline - INFO - Processing bsu_university_data.csv...
2026-03-24 13:53:31 - csv_pipeline - DEBUG -   - Rows: 10, Columns: 10
2026-03-24 13:53:31 - csv_pipeline - DEBUG - Saved: output\bsu_university_data\01_chart_ready.csv
2026-03-24 13:53:31 - csv_pipeline - DEBUG - Saved: output\bsu_university_data\02_plot_dataset.csv
2026-03-24 13:53:31 - csv_pipeline - DEBUG - Saved: output\bsu_university_data\03_trend.csv
2026-03-24 13:53:31 - csv_pipeline - DEBUG - Saved: output\bsu_university_data\04_dashboard.csv
2026-03-24 13:53:31 - csv_pipeline - DEBUG - Saved: output\bsu_university_data\05_summary.svg
2026-03-24 13:53:31 - csv_pipeline - INFO - Processing customer_feedback.csv...
2026-03-24 13:53:31 - csv_pipeline - DEBUG -   - Rows: 4, Columns: 4
2026-03-24 13:53:31 - csv_pipeline - DEBUG - Saved: output\customer_feedback\01_chart_ready.csv
2026-03-24 13:53:31 - csv_pipeline - DEBUG - Saved: output\customer_feedback\02_plot_dataset.csv
2026-03-24 13:53:31 - csv_pipeline - DEBUG - Saved: output\customer_feedback\03_trend.csv
2026-03-24 13:53:31 - csv_pipeline - DEBUG - Saved: output\customer_feedback\04_dashboard.csv
2026-03-24 13:53:31 - csv_pipeline - DEBUG - Saved: output\customer_feedback\05_summary.svg
2026-03-24 13:53:31 - csv_pipeline - INFO - Processing employee_records.csv...
2026-03-24 13:53:31 - csv_pipeline - DEBUG -   - Rows: 4, Columns: 5
2026-03-24 13:53:31 - csv_pipeline - DEBUG - Saved: output\employee_records\01_chart_ready.csv
2026-03-24 13:53:31 - csv_pipeline - DEBUG - Saved: output\employee_records\02_plot_dataset.csv
2026-03-24 13:53:31 - csv_pipeline - DEBUG - Saved: output\employee_records\03_trend.csv
2026-03-24 13:53:31 - csv_pipeline - DEBUG - Saved: output\employee_records\04_dashboard.csv
2026-03-24 13:53:31 - csv_pipeline - DEBUG - Saved: output\employee_records\05_summary.svg
2026-03-24 13:53:31 - csv_pipeline - INFO - Processing no_date_sample.csv...
2026-03-24 13:53:31 - csv_pipeline - DEBUG -   - Rows: 15, Columns: 7
2026-03-24 13:53:31 - csv_pipeline - DEBUG - Saved: output\no_date_sample\01_chart_ready.csv
2026-03-24 13:53:31 - csv_pipeline - DEBUG - Saved: output\no_date_sample\02_plot_dataset.csv
2026-03-24 13:53:31 - csv_pipeline - DEBUG - Saved: output\no_date_sample\03_trend.csv
2026-03-24 13:53:31 - csv_pipeline - DEBUG - Saved: output\no_date_sample\04_dashboard.csv
2026-03-24 13:53:31 - csv_pipeline - DEBUG - Saved: output\no_date_sample\05_summary.svg
2026-03-24 13:53:31 - csv_pipeline - INFO - Processing sales_data.csv...
2026-03-24 13:53:31 - csv_pipeline - DEBUG -   - Rows: 4, Columns: 4
2026-03-24 13:53:31 - csv_pipeline - DEBUG - Saved: output\sales_data\01_chart_ready.csv
2026-03-24 13:53:31 - csv_pipeline - DEBUG - Saved: output\sales_data\02_plot_dataset.csv
2026-03-24 13:53:31 - csv_pipeline - DEBUG - Saved: output\sales_data\03_trend.csv
2026-03-24 13:53:31 - csv_pipeline - DEBUG - Saved: output\sales_data\04_dashboard.csv
2026-03-24 13:53:31 - csv_pipeline - DEBUG - Saved: output\sales_data\05_summary.svg
2026-03-24 13:53:31 - csv_pipeline - INFO - Processing sales_test_data.csv...
2026-03-24 13:53:31 - csv_pipeline - DEBUG -   - Rows: 15, Columns: 6
2026-03-24 13:53:31 - csv_pipeline - DEBUG - Saved: output\sales_test_data\01_chart_ready.csv
2026-03-24 13:53:31 - csv_pipeline - DEBUG - Saved: output\sales_test_data\02_plot_dataset.csv
2026-03-24 13:53:31 - csv_pipeline - DEBUG - Saved: output\sales_test_data\03_trend.csv
2026-03-24 13:53:31 - csv_pipeline - DEBUG - Saved: output\sales_test_data\04_dashboard.csv
2026-03-24 13:53:31 - csv_pipeline - DEBUG - Saved: output\sales_test_data\05_summary.svg
2026-03-24 13:53:31 - csv_pipeline - INFO - Processing sample_data.csv...
2026-03-24 13:53:32 - csv_pipeline - DEBUG -   - Rows: 34020, Columns: 6
2026-03-24 13:53:32 - csv_pipeline - DEBUG - Saved: output\sample_data\01_chart_ready.csv
2026-03-24 13:53:32 - csv_pipeline - DEBUG - Saved: output\sample_data\02_plot_dataset.csv
2026-03-24 13:53:32 - csv_pipeline - DEBUG - Saved: output\sample_data\03_trend.csv
2026-03-24 13:53:32 - csv_pipeline - DEBUG - Saved: output\sample_data\04_dashboard.csv
2026-03-24 13:53:32 - csv_pipeline - DEBUG - Saved: output\sample_data\05_summary.svg
2026-03-24 13:53:32 - csv_pipeline - INFO - Processing test10_stress_15000_records.csv...
2026-03-24 13:53:33 - csv_pipeline - DEBUG -   - Rows: 15000, Columns: 6
2026-03-24 13:53:33 - csv_pipeline - DEBUG - Saved: output\test10_stress_15000_records\01_chart_ready.csv
2026-03-24 13:53:33 - csv_pipeline - DEBUG - Saved: output\test10_stress_15000_records\02_plot_dataset.csv
2026-03-24 13:53:33 - csv_pipeline - DEBUG - Saved: output\test10_stress_15000_records\03_trend.csv
2026-03-24 13:53:33 - csv_pipeline - DEBUG - Saved: output\test10_stress_15000_records\04_dashboard.csv
2026-03-24 13:53:33 - csv_pipeline - DEBUG - Saved: output\test10_stress_15000_records\05_summary.svg
2026-03-24 13:53:33 - csv_pipeline - INFO - Processing test11_happy_path_input.csv...
2026-03-24 13:53:33 - csv_pipeline - DEBUG -   - Rows: 5, Columns: 7
2026-03-24 13:53:33 - csv_pipeline - DEBUG - Saved: output\test11_happy_path_input\01_chart_ready.csv
2026-03-24 13:53:33 - csv_pipeline - DEBUG - Saved: output\test11_happy_path_input\02_plot_dataset.csv
2026-03-24 13:53:33 - csv_pipeline - DEBUG - Saved: output\test11_happy_path_input\03_trend.csv
2026-03-24 13:53:33 - csv_pipeline - DEBUG - Saved: output\test11_happy_path_input\04_dashboard.csv
2026-03-24 13:53:33 - csv_pipeline - DEBUG - Saved: output\test11_happy_path_input\05_summary.svg
2026-03-24 13:53:33 - csv_pipeline - INFO - Processing test2_empty.csv...
2026-03-24 13:53:33 - csv_pipeline - DEBUG -   - Rows: 0, Columns: 6
2026-03-24 13:53:33 - csv_pipeline - DEBUG - Saved: output\test2_empty\01_chart_ready.csv
2026-03-24 13:53:33 - csv_pipeline - DEBUG - Saved: output\test2_empty\02_plot_dataset.csv
2026-03-24 13:53:33 - csv_pipeline - DEBUG - Saved: output\test2_empty\03_trend.csv
2026-03-24 13:53:33 - csv_pipeline - DEBUG - Saved: output\test2_empty\04_dashboard.csv
2026-03-24 13:53:33 - csv_pipeline - DEBUG - Saved: output\test2_empty\05_summary.svg
2026-03-24 13:53:33 - csv_pipeline - INFO - Processing test3_missing_columns.csv...
2026-03-24 13:53:33 - csv_pipeline - DEBUG -   - Rows: 2, Columns: 4
2026-03-24 13:53:33 - csv_pipeline - DEBUG - Saved: output\test3_missing_columns\01_chart_ready.csv
2026-03-24 13:53:33 - csv_pipeline - DEBUG - Saved: output\test3_missing_columns\02_plot_dataset.csv
2026-03-24 13:53:33 - csv_pipeline - DEBUG - Saved: output\test3_missing_columns\03_trend.csv
2026-03-24 13:53:33 - csv_pipeline - DEBUG - Saved: output\test3_missing_columns\04_dashboard.csv
2026-03-24 13:53:33 - csv_pipeline - DEBUG - Saved: output\test3_missing_columns\05_summary.svg
2026-03-24 13:53:33 - csv_pipeline - INFO - Processing test4_wrong_types.csv...
2026-03-24 13:53:33 - csv_pipeline - DEBUG -   - Rows: 2, Columns: 6
2026-03-24 13:53:33 - csv_pipeline - DEBUG - Saved: output\test4_wrong_types\01_chart_ready.csv
2026-03-24 13:53:33 - csv_pipeline - DEBUG - Saved: output\test4_wrong_types\02_plot_dataset.csv
2026-03-24 13:53:33 - csv_pipeline - DEBUG - Saved: output\test4_wrong_types\03_trend.csv
2026-03-24 13:53:33 - csv_pipeline - DEBUG - Saved: output\test4_wrong_types\04_dashboard.csv
2026-03-24 13:53:33 - csv_pipeline - DEBUG - Saved: output\test4_wrong_types\05_summary.svg
2026-03-24 13:53:33 - csv_pipeline - INFO - Processing test5_null_values.csv...
2026-03-24 13:53:33 - csv_pipeline - DEBUG -   - Rows: 2, Columns: 6
2026-03-24 13:53:33 - csv_pipeline - DEBUG - Saved: output\test5_null_values\01_chart_ready.csv
2026-03-24 13:53:33 - csv_pipeline - DEBUG - Saved: output\test5_null_values\02_plot_dataset.csv
2026-03-24 13:53:33 - csv_pipeline - DEBUG - Saved: output\test5_null_values\03_trend.csv
2026-03-24 13:53:33 - csv_pipeline - DEBUG - Saved: output\test5_null_values\04_dashboard.csv
2026-03-24 13:53:33 - csv_pipeline - DEBUG - Saved: output\test5_null_values\05_summary.svg
2026-03-24 13:53:33 - csv_pipeline - INFO - Processing test6_invalid_date.csv...
2026-03-24 13:53:33 - csv_pipeline - DEBUG -   - Rows: 2, Columns: 6
2026-03-24 13:53:33 - csv_pipeline - DEBUG - Saved: output\test6_invalid_date\01_chart_ready.csv
2026-03-24 13:53:33 - csv_pipeline - DEBUG - Saved: output\test6_invalid_date\02_plot_dataset.csv
2026-03-24 13:53:33 - csv_pipeline - DEBUG - Saved: output\test6_invalid_date\03_trend.csv
2026-03-24 13:53:33 - csv_pipeline - DEBUG - Saved: output\test6_invalid_date\04_dashboard.csv
2026-03-24 13:53:33 - csv_pipeline - DEBUG - Saved: output\test6_invalid_date\05_summary.svg
2026-03-24 13:53:33 - csv_pipeline - INFO - Processing test7_student_grades_1000_records.csv...
2026-03-24 13:53:33 - csv_pipeline - DEBUG -   - Rows: 1000, Columns: 6
2026-03-24 13:53:33 - csv_pipeline - DEBUG - Saved: output\test7_student_grades_1000_records\01_chart_ready.csv
2026-03-24 13:53:33 - csv_pipeline - DEBUG - Saved: output\test7_student_grades_1000_records\02_plot_dataset.csv
2026-03-24 13:53:33 - csv_pipeline - DEBUG - Saved: output\test7_student_grades_1000_records\03_trend.csv
2026-03-24 13:53:33 - csv_pipeline - DEBUG - Saved: output\test7_student_grades_1000_records\04_dashboard.csv
2026-03-24 13:53:33 - csv_pipeline - DEBUG - Saved: output\test7_student_grades_1000_records\05_summary.svg
2026-03-24 13:53:33 - csv_pipeline - INFO - Processing test8_test_invalid_grades.csv...
2026-03-24 13:53:33 - csv_pipeline - DEBUG -   - Rows: 1000, Columns: 6
2026-03-24 13:53:33 - csv_pipeline - DEBUG - Saved: output\test8_test_invalid_grades\01_chart_ready.csv
2026-03-24 13:53:33 - csv_pipeline - DEBUG - Saved: output\test8_test_invalid_grades\02_plot_dataset.csv
2026-03-24 13:53:33 - csv_pipeline - DEBUG - Saved: output\test8_test_invalid_grades\03_trend.csv
2026-03-24 13:53:33 - csv_pipeline - DEBUG - Saved: output\test8_test_invalid_grades\04_dashboard.csv
2026-03-24 13:53:33 - csv_pipeline - DEBUG - Saved: output\test8_test_invalid_grades\05_summary.svg
2026-03-24 13:53:33 - csv_pipeline - INFO - Processing test9_test_missing_values.csv...
2026-03-24 13:53:33 - csv_pipeline - DEBUG -   - Rows: 1000, Columns: 6
2026-03-24 13:53:33 - csv_pipeline - DEBUG - Saved: output\test9_test_missing_values\01_chart_ready.csv
2026-03-24 13:53:33 - csv_pipeline - DEBUG - Saved: output\test9_test_missing_values\02_plot_dataset.csv
2026-03-24 13:53:33 - csv_pipeline - DEBUG - Saved: output\test9_test_missing_values\03_trend.csv
2026-03-24 13:53:33 - csv_pipeline - DEBUG - Saved: output\test9_test_missing_values\04_dashboard.csv
2026-03-24 13:53:33 - csv_pipeline - DEBUG - Saved: output\test9_test_missing_values\05_summary.svg
2026-03-24 13:53:33 - csv_pipeline - INFO - Processing try-retail_sales_data.csv...
2026-03-24 13:53:33 - csv_pipeline - DEBUG -   - Rows: 6, Columns: 6
2026-03-24 13:53:33 - csv_pipeline - DEBUG - Saved: output\try-retail_sales_data\01_chart_ready.csv
2026-03-24 13:53:33 - csv_pipeline - DEBUG - Saved: output\try-retail_sales_data\02_plot_dataset.csv
2026-03-24 13:53:33 - csv_pipeline - DEBUG - Saved: output\try-retail_sales_data\03_trend.csv
2026-03-24 13:53:33 - csv_pipeline - DEBUG - Saved: output\try-retail_sales_data\04_dashboard.csv
2026-03-24 13:53:33 - csv_pipeline - DEBUG - Saved: output\try-retail_sales_data\05_summary.svg
2026-03-24 13:53:33 - csv_pipeline - INFO - Processing university_data.csv...
2026-03-24 13:53:33 - csv_pipeline - DEBUG -   - Rows: 10, Columns: 10
2026-03-24 13:53:33 - csv_pipeline - DEBUG - Saved: output\university_data\01_chart_ready.csv
2026-03-24 13:53:33 - csv_pipeline - DEBUG - Saved: output\university_data\02_plot_dataset.csv
2026-03-24 13:53:33 - csv_pipeline - DEBUG - Saved: output\university_data\03_trend.csv
2026-03-24 13:53:33 - csv_pipeline - DEBUG - Saved: output\university_data\04_dashboard.csv
2026-03-24 13:53:33 - csv_pipeline - DEBUG - Saved: output\university_data\05_summary.svg
2026-03-24 13:53:33 - csv_pipeline - INFO - ============================================================
2026-03-24 13:53:33 - csv_pipeline - INFO - Pipeline Complete - Processed: 19, Failed: 0
2026-03-24 13:53:33 - csv_pipeline - INFO - ============================================================
